This is pdfTeX, Version 3.1415926-2.5-1.40.14 (TeX Live 2013/Debian) (format=pdflatex 2014.4.22)  23 APR 2014 16:58
entering extended mode
 restricted \write18 enabled.
 %&-line parsing enabled.
**tesi.tex
(./tesi.tex
LaTeX2e <2011/06/27>
Babel <3.9h> and hyphenation patterns for 78 languages loaded.
(/usr/share/texlive/texmf-dist/tex/latex/base/report.cls
Document Class: report 2007/10/19 v1.4h Standard LaTeX document class
(/usr/share/texlive/texmf-dist/tex/latex/base/size12.clo
File: size12.clo 2007/10/19 v1.4h Standard LaTeX file (size option)
)
\c@part=\count79
\c@chapter=\count80
\c@section=\count81
\c@subsection=\count82
\c@subsubsection=\count83
\c@paragraph=\count84
\c@subparagraph=\count85
\c@figure=\count86
\c@table=\count87
\abovecaptionskip=\skip41
\belowcaptionskip=\skip42
\bibindent=\dimen102
)
(/usr/share/texlive/texmf-dist/tex/latex/base/inputenc.sty
Package: inputenc 2008/03/30 v1.1d Input encoding file
\inpenc@prehook=\toks14
\inpenc@posthook=\toks15

(/usr/share/texlive/texmf-dist/tex/latex/base/utf8.def
File: utf8.def 2008/04/05 v1.1m UTF-8 support for inputenc
Now handling font encoding OML ...
... no UTF-8 mapping file for font encoding OML
Now handling font encoding T1 ...
... processing UTF-8 mapping file for font encoding T1

(/usr/share/texlive/texmf-dist/tex/latex/base/t1enc.dfu
File: t1enc.dfu 2008/04/05 v1.1m UTF-8 support for inputenc
   defining Unicode char U+00A1 (decimal 161)
   defining Unicode char U+00A3 (decimal 163)
   defining Unicode char U+00AB (decimal 171)
   defining Unicode char U+00BB (decimal 187)
   defining Unicode char U+00BF (decimal 191)
   defining Unicode char U+00C0 (decimal 192)
   defining Unicode char U+00C1 (decimal 193)
   defining Unicode char U+00C2 (decimal 194)
   defining Unicode char U+00C3 (decimal 195)
   defining Unicode char U+00C4 (decimal 196)
   defining Unicode char U+00C5 (decimal 197)
   defining Unicode char U+00C6 (decimal 198)
   defining Unicode char U+00C7 (decimal 199)
   defining Unicode char U+00C8 (decimal 200)
   defining Unicode char U+00C9 (decimal 201)
   defining Unicode char U+00CA (decimal 202)
   defining Unicode char U+00CB (decimal 203)
   defining Unicode char U+00CC (decimal 204)
   defining Unicode char U+00CD (decimal 205)
   defining Unicode char U+00CE (decimal 206)
   defining Unicode char U+00CF (decimal 207)
   defining Unicode char U+00D0 (decimal 208)
   defining Unicode char U+00D1 (decimal 209)
   defining Unicode char U+00D2 (decimal 210)
   defining Unicode char U+00D3 (decimal 211)
   defining Unicode char U+00D4 (decimal 212)
   defining Unicode char U+00D5 (decimal 213)
   defining Unicode char U+00D6 (decimal 214)
   defining Unicode char U+00D8 (decimal 216)
   defining Unicode char U+00D9 (decimal 217)
   defining Unicode char U+00DA (decimal 218)
   defining Unicode char U+00DB (decimal 219)
   defining Unicode char U+00DC (decimal 220)
   defining Unicode char U+00DD (decimal 221)
   defining Unicode char U+00DE (decimal 222)
   defining Unicode char U+00DF (decimal 223)
   defining Unicode char U+00E0 (decimal 224)
   defining Unicode char U+00E1 (decimal 225)
   defining Unicode char U+00E2 (decimal 226)
   defining Unicode char U+00E3 (decimal 227)
   defining Unicode char U+00E4 (decimal 228)
   defining Unicode char U+00E5 (decimal 229)
   defining Unicode char U+00E6 (decimal 230)
   defining Unicode char U+00E7 (decimal 231)
   defining Unicode char U+00E8 (decimal 232)
   defining Unicode char U+00E9 (decimal 233)
   defining Unicode char U+00EA (decimal 234)
   defining Unicode char U+00EB (decimal 235)
   defining Unicode char U+00EC (decimal 236)
   defining Unicode char U+00ED (decimal 237)
   defining Unicode char U+00EE (decimal 238)
   defining Unicode char U+00EF (decimal 239)
   defining Unicode char U+00F0 (decimal 240)
   defining Unicode char U+00F1 (decimal 241)
   defining Unicode char U+00F2 (decimal 242)
   defining Unicode char U+00F3 (decimal 243)
   defining Unicode char U+00F4 (decimal 244)
   defining Unicode char U+00F5 (decimal 245)
   defining Unicode char U+00F6 (decimal 246)
   defining Unicode char U+00F8 (decimal 248)
   defining Unicode char U+00F9 (decimal 249)
   defining Unicode char U+00FA (decimal 250)
   defining Unicode char U+00FB (decimal 251)
   defining Unicode char U+00FC (decimal 252)
   defining Unicode char U+00FD (decimal 253)
   defining Unicode char U+00FE (decimal 254)
   defining Unicode char U+00FF (decimal 255)
   defining Unicode char U+0102 (decimal 258)
   defining Unicode char U+0103 (decimal 259)
   defining Unicode char U+0104 (decimal 260)
   defining Unicode char U+0105 (decimal 261)
   defining Unicode char U+0106 (decimal 262)
   defining Unicode char U+0107 (decimal 263)
   defining Unicode char U+010C (decimal 268)
   defining Unicode char U+010D (decimal 269)
   defining Unicode char U+010E (decimal 270)
   defining Unicode char U+010F (decimal 271)
   defining Unicode char U+0110 (decimal 272)
   defining Unicode char U+0111 (decimal 273)
   defining Unicode char U+0118 (decimal 280)
   defining Unicode char U+0119 (decimal 281)
   defining Unicode char U+011A (decimal 282)
   defining Unicode char U+011B (decimal 283)
   defining Unicode char U+011E (decimal 286)
   defining Unicode char U+011F (decimal 287)
   defining Unicode char U+0130 (decimal 304)
   defining Unicode char U+0131 (decimal 305)
   defining Unicode char U+0132 (decimal 306)
   defining Unicode char U+0133 (decimal 307)
   defining Unicode char U+0139 (decimal 313)
   defining Unicode char U+013A (decimal 314)
   defining Unicode char U+013D (decimal 317)
   defining Unicode char U+013E (decimal 318)
   defining Unicode char U+0141 (decimal 321)
   defining Unicode char U+0142 (decimal 322)
   defining Unicode char U+0143 (decimal 323)
   defining Unicode char U+0144 (decimal 324)
   defining Unicode char U+0147 (decimal 327)
   defining Unicode char U+0148 (decimal 328)
   defining Unicode char U+014A (decimal 330)
   defining Unicode char U+014B (decimal 331)
   defining Unicode char U+0150 (decimal 336)
   defining Unicode char U+0151 (decimal 337)
   defining Unicode char U+0152 (decimal 338)
   defining Unicode char U+0153 (decimal 339)
   defining Unicode char U+0154 (decimal 340)
   defining Unicode char U+0155 (decimal 341)
   defining Unicode char U+0158 (decimal 344)
   defining Unicode char U+0159 (decimal 345)
   defining Unicode char U+015A (decimal 346)
   defining Unicode char U+015B (decimal 347)
   defining Unicode char U+015E (decimal 350)
   defining Unicode char U+015F (decimal 351)
   defining Unicode char U+0160 (decimal 352)
   defining Unicode char U+0161 (decimal 353)
   defining Unicode char U+0162 (decimal 354)
   defining Unicode char U+0163 (decimal 355)
   defining Unicode char U+0164 (decimal 356)
   defining Unicode char U+0165 (decimal 357)
   defining Unicode char U+016E (decimal 366)
   defining Unicode char U+016F (decimal 367)
   defining Unicode char U+0170 (decimal 368)
   defining Unicode char U+0171 (decimal 369)
   defining Unicode char U+0178 (decimal 376)
   defining Unicode char U+0179 (decimal 377)
   defining Unicode char U+017A (decimal 378)
   defining Unicode char U+017B (decimal 379)
   defining Unicode char U+017C (decimal 380)
   defining Unicode char U+017D (decimal 381)
   defining Unicode char U+017E (decimal 382)
   defining Unicode char U+200C (decimal 8204)
   defining Unicode char U+2013 (decimal 8211)
   defining Unicode char U+2014 (decimal 8212)
   defining Unicode char U+2018 (decimal 8216)
   defining Unicode char U+2019 (decimal 8217)
   defining Unicode char U+201A (decimal 8218)
   defining Unicode char U+201C (decimal 8220)
   defining Unicode char U+201D (decimal 8221)
   defining Unicode char U+201E (decimal 8222)
   defining Unicode char U+2030 (decimal 8240)
   defining Unicode char U+2031 (decimal 8241)
   defining Unicode char U+2039 (decimal 8249)
   defining Unicode char U+203A (decimal 8250)
   defining Unicode char U+2423 (decimal 9251)
)
Now handling font encoding OT1 ...
... processing UTF-8 mapping file for font encoding OT1

(/usr/share/texlive/texmf-dist/tex/latex/base/ot1enc.dfu
File: ot1enc.dfu 2008/04/05 v1.1m UTF-8 support for inputenc
   defining Unicode char U+00A1 (decimal 161)
   defining Unicode char U+00A3 (decimal 163)
   defining Unicode char U+00B8 (decimal 184)
   defining Unicode char U+00BF (decimal 191)
   defining Unicode char U+00C5 (decimal 197)
   defining Unicode char U+00C6 (decimal 198)
   defining Unicode char U+00D8 (decimal 216)
   defining Unicode char U+00DF (decimal 223)
   defining Unicode char U+00E6 (decimal 230)
   defining Unicode char U+00EC (decimal 236)
   defining Unicode char U+00ED (decimal 237)
   defining Unicode char U+00EE (decimal 238)
   defining Unicode char U+00EF (decimal 239)
   defining Unicode char U+00F8 (decimal 248)
   defining Unicode char U+0131 (decimal 305)
   defining Unicode char U+0141 (decimal 321)
   defining Unicode char U+0142 (decimal 322)
   defining Unicode char U+0152 (decimal 338)
   defining Unicode char U+0153 (decimal 339)
   defining Unicode char U+2013 (decimal 8211)
   defining Unicode char U+2014 (decimal 8212)
   defining Unicode char U+2018 (decimal 8216)
   defining Unicode char U+2019 (decimal 8217)
   defining Unicode char U+201C (decimal 8220)
   defining Unicode char U+201D (decimal 8221)
)
Now handling font encoding OMS ...
... processing UTF-8 mapping file for font encoding OMS

(/usr/share/texlive/texmf-dist/tex/latex/base/omsenc.dfu
File: omsenc.dfu 2008/04/05 v1.1m UTF-8 support for inputenc
   defining Unicode char U+00A7 (decimal 167)
   defining Unicode char U+00B6 (decimal 182)
   defining Unicode char U+00B7 (decimal 183)
   defining Unicode char U+2020 (decimal 8224)
   defining Unicode char U+2021 (decimal 8225)
   defining Unicode char U+2022 (decimal 8226)
)
Now handling font encoding OMX ...
... no UTF-8 mapping file for font encoding OMX
Now handling font encoding U ...
... no UTF-8 mapping file for font encoding U
   defining Unicode char U+00A9 (decimal 169)
   defining Unicode char U+00AA (decimal 170)
   defining Unicode char U+00AE (decimal 174)
   defining Unicode char U+00BA (decimal 186)
   defining Unicode char U+02C6 (decimal 710)
   defining Unicode char U+02DC (decimal 732)
   defining Unicode char U+200C (decimal 8204)
   defining Unicode char U+2026 (decimal 8230)
   defining Unicode char U+2122 (decimal 8482)
   defining Unicode char U+2423 (decimal 9251)
))
(/usr/share/texlive/texmf-dist/tex/latex/base/fontenc.sty
Package: fontenc 2005/09/27 v1.99g Standard LaTeX package

(/usr/share/texlive/texmf-dist/tex/latex/base/t1enc.def
File: t1enc.def 2005/09/27 v1.99g Standard LaTeX file
LaTeX Font Info:    Redeclaring font encoding T1 on input line 43.
))
(/usr/share/texlive/texmf-dist/tex/generic/babel/babel.sty
Package: babel 2013/12/03 3.9h The Babel package

(/usr/share/texlive/texmf-dist/tex/generic/babel-italian/italian.ldf
Language: italian 2013/11/22 v1.3f Italian support from the babel system

(/usr/share/texlive/texmf-dist/tex/generic/babel/babel.def
File: babel.def 2013/12/03 3.9h Babel common definitions
\babel@savecnt=\count88
\U@D=\dimen103
)
\it@lettering=\count89
Package babel Info: Making " an active character on input line 98.
\Virgola=\count90
))
(/usr/share/texlive/texmf-dist/tex/latex/etoolbox/etoolbox.sty
Package: etoolbox 2011/01/03 v2.1 e-TeX tools for LaTeX

(/usr/share/texlive/texmf-dist/tex/latex/etex-pkg/etex.sty
Package: etex 1998/03/26 v2.0 eTeX basic definition package (PEB)
\et@xins=\count91
)
\etb@tempcnta=\count92
)
(/usr/share/texlive/texmf-dist/tex/latex/amsmath/amsmath.sty
Package: amsmath 2013/01/14 v2.14 AMS math features
\@mathmargin=\skip43

For additional information on amsmath, use the `?' option.
(/usr/share/texlive/texmf-dist/tex/latex/amsmath/amstext.sty
Package: amstext 2000/06/29 v2.01

(/usr/share/texlive/texmf-dist/tex/latex/amsmath/amsgen.sty
File: amsgen.sty 1999/11/30 v2.0
\@emptytoks=\toks16
\ex@=\dimen104
))
(/usr/share/texlive/texmf-dist/tex/latex/amsmath/amsbsy.sty
Package: amsbsy 1999/11/29 v1.2d
\pmbraise@=\dimen105
)
(/usr/share/texlive/texmf-dist/tex/latex/amsmath/amsopn.sty
Package: amsopn 1999/12/14 v2.01 operator names
)
\inf@bad=\count93
LaTeX Info: Redefining \frac on input line 210.
\uproot@=\count94
\leftroot@=\count95
LaTeX Info: Redefining \overline on input line 306.
\classnum@=\count96
\DOTSCASE@=\count97
LaTeX Info: Redefining \ldots on input line 378.
LaTeX Info: Redefining \dots on input line 381.
LaTeX Info: Redefining \cdots on input line 466.
\Mathstrutbox@=\box26
\strutbox@=\box27
\big@size=\dimen106
LaTeX Font Info:    Redeclaring font encoding OML on input line 566.
LaTeX Font Info:    Redeclaring font encoding OMS on input line 567.
\macc@depth=\count98
\c@MaxMatrixCols=\count99
\dotsspace@=\muskip10
\c@parentequation=\count100
\dspbrk@lvl=\count101
\tag@help=\toks17
\row@=\count102
\column@=\count103
\maxfields@=\count104
\andhelp@=\toks18
\eqnshift@=\dimen107
\alignsep@=\dimen108
\tagshift@=\dimen109
\tagwidth@=\dimen110
\totwidth@=\dimen111
\lineht@=\dimen112
\@envbody=\toks19
\multlinegap=\skip44
\multlinetaggap=\skip45
\mathdisplay@stack=\toks20
LaTeX Info: Redefining \[ on input line 2665.
LaTeX Info: Redefining \] on input line 2666.
)
(/usr/share/texlive/texmf-dist/tex/latex/graphics/graphicx.sty
Package: graphicx 1999/02/16 v1.0f Enhanced LaTeX Graphics (DPC,SPQR)

(/usr/share/texlive/texmf-dist/tex/latex/graphics/keyval.sty
Package: keyval 1999/03/16 v1.13 key=value parser (DPC)
\KV@toks@=\toks21
)
(/usr/share/texlive/texmf-dist/tex/latex/graphics/graphics.sty
Package: graphics 2009/02/05 v1.0o Standard LaTeX Graphics (DPC,SPQR)

(/usr/share/texlive/texmf-dist/tex/latex/graphics/trig.sty
Package: trig 1999/03/16 v1.09 sin cos tan (DPC)
)
(/usr/share/texlive/texmf-dist/tex/latex/latexconfig/graphics.cfg
File: graphics.cfg 2010/04/23 v1.9 graphics configuration of TeX Live
)
Package graphics Info: Driver file: pdftex.def on input line 91.

(/usr/share/texlive/texmf-dist/tex/latex/pdftex-def/pdftex.def
File: pdftex.def 2011/05/27 v0.06d Graphics/color for pdfTeX

(/usr/share/texlive/texmf-dist/tex/generic/oberdiek/infwarerr.sty
Package: infwarerr 2010/04/08 v1.3 Providing info/warning/error messages (HO)
)
(/usr/share/texlive/texmf-dist/tex/generic/oberdiek/ltxcmds.sty
Package: ltxcmds 2011/11/09 v1.22 LaTeX kernel commands for general use (HO)
)
\Gread@gobject=\count105
))
\Gin@req@height=\dimen113
\Gin@req@width=\dimen114
)
(/usr/share/texlive/texmf-dist/tex/latex/float/float.sty
Package: float 2001/11/08 v1.3d Float enhancements (AL)
\c@float@type=\count106
\float@exts=\toks22
\float@box=\box28
\@float@everytoks=\toks23
\@floatcapt=\box29
)
(/usr/share/texlive/texmf-dist/tex/latex/listings/listings.sty
\lst@mode=\count107
\lst@gtempboxa=\box30
\lst@token=\toks24
\lst@length=\count108
\lst@currlwidth=\dimen115
\lst@column=\count109
\lst@pos=\count110
\lst@lostspace=\dimen116
\lst@width=\dimen117
\lst@newlines=\count111
\lst@lineno=\count112
\lst@maxwidth=\dimen118

(/usr/share/texlive/texmf-dist/tex/latex/listings/lstmisc.sty
File: lstmisc.sty 2013/08/26 1.5b (Carsten Heinz)
\c@lstnumber=\count113
\lst@skipnumbers=\count114
\lst@framebox=\box31
)
(/usr/share/texlive/texmf-dist/tex/latex/listings/listings.cfg
File: listings.cfg 2013/08/26 1.5b listings configuration
))
Package: listings 2013/08/26 1.5b (Carsten Heinz)

(/usr/share/texmf/tex/latex/xcolor/xcolor.sty
Package: xcolor 2007/01/21 v2.11 LaTeX color extensions (UK)

(/usr/share/texlive/texmf-dist/tex/latex/latexconfig/color.cfg
File: color.cfg 2007/01/18 v1.5 color configuration of teTeX/TeXLive
)
Package xcolor Info: Driver file: pdftex.def on input line 225.
Package xcolor Info: Model `cmy' substituted by `cmy0' on input line 1337.
Package xcolor Info: Model `hsb' substituted by `rgb' on input line 1341.
Package xcolor Info: Model `RGB' extended on input line 1353.
Package xcolor Info: Model `HTML' substituted by `rgb' on input line 1355.
Package xcolor Info: Model `Hsb' substituted by `hsb' on input line 1356.
Package xcolor Info: Model `tHsb' substituted by `hsb' on input line 1357.
Package xcolor Info: Model `HSB' substituted by `hsb' on input line 1358.
Package xcolor Info: Model `Gray' substituted by `gray' on input line 1359.
Package xcolor Info: Model `wave' substituted by `hsb' on input line 1360.
)
(/usr/share/texlive/texmf-dist/tex/latex/listings/lstlang1.sty
File: lstlang1.sty 2013/08/26 1.5b listings language file
)
(/usr/share/texlive/texmf-dist/tex/latex/listings/lstlang1.sty
File: lstlang1.sty 2013/08/26 1.5b listings language file
)
(/usr/share/texlive/texmf-dist/tex/latex/listings/lstlang1.sty
File: lstlang1.sty 2013/08/26 1.5b listings language file
)
(/usr/share/texlive/texmf-dist/tex/latex/listings/lstmisc.sty
File: lstmisc.sty 2013/08/26 1.5b (Carsten Heinz)
)
(/usr/share/texlive/texmf-dist/tex/latex/fancyhdr/fancyhdr.sty
\fancy@headwidth=\skip46
\f@ncyO@elh=\skip47
\f@ncyO@erh=\skip48
\f@ncyO@olh=\skip49
\f@ncyO@orh=\skip50
\f@ncyO@elf=\skip51
\f@ncyO@erf=\skip52
\f@ncyO@olf=\skip53
\f@ncyO@orf=\skip54
)
(/usr/share/texlive/texmf-dist/tex/latex/graphics/epsfig.sty
Package: epsfig 1999/02/16 v1.7a (e)psfig emulation (SPQR)
\epsfxsize=\dimen119
\epsfysize=\dimen120
)
\sinistra=\skip55
\corpo=\skip56
\pagina=\skip57

No file tesi.aux.
\openout1 = `tesi.aux'.

LaTeX Font Info:    Checking defaults for OML/cmm/m/it on input line 86.
LaTeX Font Info:    ... okay on input line 86.
LaTeX Font Info:    Checking defaults for T1/cmr/m/n on input line 86.
LaTeX Font Info:    ... okay on input line 86.
LaTeX Font Info:    Checking defaults for OT1/cmr/m/n on input line 86.
LaTeX Font Info:    ... okay on input line 86.
LaTeX Font Info:    Checking defaults for OMS/cmsy/m/n on input line 86.
LaTeX Font Info:    ... okay on input line 86.
LaTeX Font Info:    Checking defaults for OMX/cmex/m/n on input line 86.
LaTeX Font Info:    ... okay on input line 86.
LaTeX Font Info:    Checking defaults for U/cmr/m/n on input line 86.
LaTeX Font Info:    ... okay on input line 86.
LaTeX Info: Redefining \it@ocap on input line 86.
LaTeX Info: Redefining \it@ccap on input line 86.
(/usr/share/texlive/texmf-dist/tex/context/base/supp-pdf.mkii
[Loading MPS to PDF converter (version 2006.09.02).]
\scratchcounter=\count115
\scratchdimen=\dimen121
\scratchbox=\box32
\nofMPsegments=\count116
\nofMParguments=\count117
\everyMPshowfont=\toks25
\MPscratchCnt=\count118
\MPscratchDim=\dimen122
\MPnumerator=\count119
\makeMPintoPDFobject=\count120
\everyMPtoPDFconversion=\toks26
) (/usr/share/texlive/texmf-dist/tex/generic/oberdiek/pdftexcmds.sty
Package: pdftexcmds 2011/11/29 v0.20 Utility functions of pdfTeX for LuaTeX (HO
)

(/usr/share/texlive/texmf-dist/tex/generic/oberdiek/ifluatex.sty
Package: ifluatex 2010/03/01 v1.3 Provides the ifluatex switch (HO)
Package ifluatex Info: LuaTeX not detected.
)
(/usr/share/texlive/texmf-dist/tex/generic/oberdiek/ifpdf.sty
Package: ifpdf 2011/01/30 v2.3 Provides the ifpdf switch (HO)
Package ifpdf Info: pdfTeX in PDF mode is detected.
)
Package pdftexcmds Info: LuaTeX not detected.
Package pdftexcmds Info: \pdf@primitive is available.
Package pdftexcmds Info: \pdf@ifprimitive is available.
Package pdftexcmds Info: \pdfdraftmode found.
)
(/usr/share/texlive/texmf-dist/tex/latex/oberdiek/epstopdf-base.sty
Package: epstopdf-base 2010/02/09 v2.5 Base part for package epstopdf

(/usr/share/texlive/texmf-dist/tex/latex/oberdiek/grfext.sty
Package: grfext 2010/08/19 v1.1 Manage graphics extensions (HO)

(/usr/share/texlive/texmf-dist/tex/generic/oberdiek/kvdefinekeys.sty
Package: kvdefinekeys 2011/04/07 v1.3 Define keys (HO)
))
(/usr/share/texlive/texmf-dist/tex/latex/oberdiek/kvoptions.sty
Package: kvoptions 2011/06/30 v3.11 Key value format for package options (HO)

(/usr/share/texlive/texmf-dist/tex/generic/oberdiek/kvsetkeys.sty
Package: kvsetkeys 2012/04/25 v1.16 Key value parser (HO)

(/usr/share/texlive/texmf-dist/tex/generic/oberdiek/etexcmds.sty
Package: etexcmds 2011/02/16 v1.5 Avoid name clashes with e-TeX commands (HO)
Package etexcmds Info: Could not find \expanded.
(etexcmds)             That can mean that you are not using pdfTeX 1.50 or
(etexcmds)             that some package has redefined \expanded.
(etexcmds)             In the latter case, load this package earlier.
)))
Package grfext Info: Graphics extension search list:
(grfext)             [.png,.pdf,.jpg,.mps,.jpeg,.jbig2,.jb2,.PNG,.PDF,.JPG,.JPE
G,.JBIG2,.JB2,.eps]
(grfext)             \AppendGraphicsExtensions on input line 452.

(/usr/share/texlive/texmf-dist/tex/latex/latexconfig/epstopdf-sys.cfg
File: epstopdf-sys.cfg 2010/07/13 v1.3 Configuration of (r)epstopdf for TeX Liv
e
))
\c@lstlisting=\count121

<images/logounipg.png, id=1, 597.3878pt x 845.36009pt>
File: images/logounipg.png Graphic file (type png)

<use images/logounipg.png>
Package pdftex.def Info: images/logounipg.png used on input line 102.
(pdftex.def)             Requested size: 209.08885pt x 295.88046pt.
 [1

{/var/lib/texmf/fonts/map/pdftex/updmap/pdftex.map} <./images/logounipg.png>] [
1]
No file tesi.toc.
\tf@toc=\write3
\openout3 = `tesi.toc'.


Package Fancyhdr Warning: \fancyfoot's `E' option without twoside option is use
less on input line 163.

(./capitoli/intro.tex [2

]
LaTeX Font Info:    Try loading font information for OMS+cmr on input line 14.

(/usr/share/texlive/texmf-dist/tex/latex/base/omscmr.fd
File: omscmr.fd 1999/05/25 v2.5h Standard LaTeX font definitions
)
LaTeX Font Info:    Font shape `OMS/cmr/m/n' in size <12> not available
(Font)              Font shape `OMS/cmsy/m/n' tried instead on input line 14.
 [3

]
<images/intro/kinect.png, id=25, 1764.5925pt x 736.7525pt>
File: images/intro/kinect.png Graphic file (type png)

<use images/intro/kinect.png>
Package pdftex.def Info: images/intro/kinect.png used on input line 24.
(pdftex.def)             Requested size: 153.64253pt x 64.14641pt.

<images/intro/oculus-rift.jpg, id=27, 578.16pt x 433.62pt>
File: images/intro/oculus-rift.jpg Graphic file (type jpg)

<use images/intro/oculus-rift.jpg>
Package pdftex.def Info: images/intro/oculus-rift.jpg used on input line 25.
(pdftex.def)             Requested size: 153.64253pt x 115.22633pt.

<images/intro/wii.jpg, id=28, 3051.4pt x 2308.625pt>
File: images/intro/wii.jpg Graphic file (type jpg)

<use images/intro/wii.jpg>
Package pdftex.def Info: images/intro/wii.jpg used on input line 26.
(pdftex.def)             Requested size: 153.64253pt x 116.213pt.
)

Package Fancyhdr Warning: \headheight is too small (12.0pt): 
 Make it at least 14.49998pt.
 We now make it that large for the rest of the document.
 This may cause the page layout to be inconsistent, however.

[4 <./images/intro/kinect.png> <./images/intro/oculus-rift.jpg> <./images/intro
/wii.jpg>] (./capitoli/realta-virtuale.tex
Capitolo 1.

Underfull \hbox (badness 10000) in paragraph at lines 11--24

 []

[1


]) [2]
Capitolo 2.
(./capitoli/openCv.tex [3

] [4]
LaTeX Font Info:    Try loading font information for T1+cmtt on input line 57.

(/usr/share/texlive/texmf-dist/tex/latex/base/t1cmtt.fd
File: t1cmtt.fd 1999/05/25 v2.5h Standard LaTeX font definitions
) [5]

LaTeX Warning: Reference `features' on page 6 undefined on input line 72.

<images/openCv/haar_features.jpg, id=52, 321.2pt x 272.01625pt>
File: images/openCv/haar_features.jpg Graphic file (type jpg)

<use images/openCv/haar_features.jpg>
Package pdftex.def Info: images/openCv/haar_features.jpg used on input line 75.

(pdftex.def)             Requested size: 192.05609pt x 162.65067pt.


LaTeX Warning: Reference `volti' on page 6 undefined on input line 80.

[6] <images/openCv/haar.png, id=58, 335.2525pt x 203.76125pt>
File: images/openCv/haar.png Graphic file (type png)

<use images/openCv/haar.png>
Package pdftex.def Info: images/openCv/haar.png used on input line 84.
(pdftex.def)             Requested size: 192.05609pt x 116.72652pt.


LaTeX Warning: Reference `features' on page 7 undefined on input line 88.

[7 <./images/openCv/haar_features.jpg> <./images/openCv/haar.png>])
(./capitoli/openGl.tex
<images/openGL/OpenGL_logo.jpg, id=62, 354.57469pt x 182.93344pt>
File: images/openGL/OpenGL_logo.jpg Graphic file (type jpg)

<use images/openGL/OpenGL_logo.jpg>
Package pdftex.def Info: images/openGL/OpenGL_logo.jpg used on input line 6.
(pdftex.def)             Requested size: 268.87737pt x 138.7238pt.
 [8 <./images/openGL/OpenGL_logo.jpg>])
(./capitoli/ogre.tex
Underfull \hbox (badness 10000) in paragraph at lines 3--4

 []

<images/ogre/ogrelogo-small.jpg, id=67, 540.0175pt x 320.19624pt>
File: images/ogre/ogrelogo-small.jpg Graphic file (type jpg)

<use images/ogre/ogrelogo-small.jpg>
Package pdftex.def Info: images/ogre/ogrelogo-small.jpg used on input line 7.
(pdftex.def)             Requested size: 230.46965pt x 136.65079pt.

Underfull \hbox (badness 10000) in paragraph at lines 12--14

 []

[9] [10 <./images/ogre/ogrelogo-small.jpg>]) (./capitoli/frustum.tex [11]
Capitolo 3.

LaTeX Warning: Reference `pipeline' on page 12 undefined on input line 5.

<images/frustum/opengl-pipeline.png, id=77, 1078.0275pt x 576.1525pt>
File: images/frustum/opengl-pipeline.png Graphic file (type png)

<use images/frustum/opengl-pipeline.png>
Package pdftex.def Info: images/frustum/opengl-pipeline.png used on input line 
9.
(pdftex.def)             Requested size: 268.87737pt x 143.70369pt.


LaTeX Warning: Reference `trans-pipe' on page 12 undefined on input line 16.

<images/frustum/transform-pipeline.png, id=78, 708.6475pt x 88.33pt>
File: images/frustum/transform-pipeline.png Graphic file (type png)

<use images/frustum/transform-pipeline.png>
Package pdftex.def Info: images/frustum/transform-pipeline.png used on input li
ne 20.
(pdftex.def)             Requested size: 268.87737pt x 33.51453pt.


LaTeX Warning: Reference `cartesian' on page 12 undefined on input line 24.

<images/frustum/cartesian.png, id=79, 437.635pt x 360.34625pt>
File: images/frustum/cartesian.png Graphic file (type png)

<use images/frustum/cartesian.png>
Package pdftex.def Info: images/frustum/cartesian.png used on input line 27.
(pdftex.def)             Requested size: 115.23482pt x 94.88097pt.
 [12

 <./images/frustum/opengl-pipeline.png>]

LaTeX Warning: Reference `cam-default' on page 13 undefined on input line 34.

<images/frustum/camera-default.jpg, id=84, 1027.84pt x 736.7525pt>
File: images/frustum/camera-default.jpg Graphic file (type jpg)

<use images/frustum/camera-default.jpg>
Package pdftex.def Info: images/frustum/camera-default.jpg used on input line 3
8.
(pdftex.def)             Requested size: 192.05609pt x 137.65735pt.


LaTeX Warning: Reference `view-frustum' on page 13 undefined on input line 44.

<images/frustum/view_frustum.png, id=85, 72.27pt x 33.84645pt>
File: images/frustum/view_frustum.png Graphic file (type png)

<use images/frustum/view_frustum.png>
Package pdftex.def Info: images/frustum/view_frustum.png used on input line 48.

(pdftex.def)             Requested size: 192.05609pt x 89.95139pt.
 [13 <./images/frustum/transform-pipeline.png> <./images/frustum/cartesian.png>
]
<images/frustum/orto-projection.png, id=91, 511.9125pt x 230.8625pt>
File: images/frustum/orto-projection.png Graphic file (type png)

<use images/frustum/orto-projection.png>
Package pdftex.def Info: images/frustum/orto-projection.png used on input line 
60.
(pdftex.def)             Requested size: 192.05609pt x 86.61197pt.

<images/frustum/persp-projection.png, id=92, 471.7625pt x 230.8625pt>
File: images/frustum/persp-projection.png Graphic file (type png)

<use images/frustum/persp-projection.png>
Package pdftex.def Info: images/frustum/persp-projection.png used on input line
 62.
(pdftex.def)             Requested size: 192.05609pt x 93.98492pt.


LaTeX Warning: Reference `orto' on page 14 undefined on input line 66.

[14 <./images/frustum/camera-default.jpg> <./images/frustum/view_frustum.png>]

LaTeX Warning: Reference `example1' on page 15 undefined on input line 71.


LaTeX Warning: Reference `example2' on page 15 undefined on input line 71.

<images/frustum/frustum_cubes.png, id=97, 963.6pt x 542.025pt>
File: images/frustum/frustum_cubes.png Graphic file (type png)

<use images/frustum/frustum_cubes.png>
Package pdftex.def Info: images/frustum/frustum_cubes.png used on input line 74
.
(pdftex.def)             Requested size: 230.46965pt x 129.63376pt.

<images/frustum/frustum_homogeneous.png, id=98, 963.6pt x 542.025pt>
File: images/frustum/frustum_homogeneous.png Graphic file (type png)

<use images/frustum/frustum_homogeneous.png>
Package pdftex.def Info: images/frustum/frustum_homogeneous.png used on input l
ine 76.
(pdftex.def)             Requested size: 230.46965pt x 129.63376pt.


LaTeX Warning: Reference `example3' on page 15 undefined on input line 80.

<images/frustum/frustum_view.png, id=99, 457.96358pt x 447.31326pt>
File: images/frustum/frustum_view.png Graphic file (type png)

<use images/frustum/frustum_view.png>
Package pdftex.def Info: images/frustum/frustum_view.png used on input line 84.

(pdftex.def)             Requested size: 192.05609pt x 187.59044pt.

Underfull \hbox (badness 10000) in paragraph at lines 109--110

 []

[15 <./images/frustum/orto-projection.png> <./images/frustum/persp-projection.p
ng>] [16 <./images/frustum/frustum_cubes.png (PNG copy)> <./images/frustum/frus
tum_homogeneous.png (PNG copy)> <./images/frustum/frustum_view.png>]
<images/frustum/frustum-x.png, id=111, 562.1pt x 461.725pt>
File: images/frustum/frustum-x.png Graphic file (type png)

<use images/frustum/frustum-x.png>
Package pdftex.def Info: images/frustum/frustum-x.png used on input line 130.
(pdftex.def)             Requested size: 230.46965pt x 189.31552pt.


LaTeX Warning: Reference `frustum-x' on page 17 undefined on input line 134.

[17] <images/frustum/frustum-y.png, id=115, 531.9875pt x 341.275pt>
File: images/frustum/frustum-y.png Graphic file (type png)

<use images/frustum/frustum-y.png>
Package pdftex.def Info: images/frustum/frustum-y.png used on input line 144.
(pdftex.def)             Requested size: 230.46965pt x 147.84415pt.


LaTeX Warning: Reference `frustum-y' on page 18 undefined on input line 148.

[18 <./images/frustum/frustum-x.png (PNG copy)>]

LaTeX Warning: Reference `segment' on page 19 undefined on input line 156.

<images/frustum/segment-xz.png, id=120, 431.6125pt x 361.35pt>
File: images/frustum/segment-xz.png Graphic file (type png)

<use images/frustum/segment-xz.png>
Package pdftex.def Info: images/frustum/segment-xz.png used on input line 162.
(pdftex.def)             Requested size: 230.46965pt x 192.94817pt.
 [19 <./images/frustum/frustum-y.png (PNG copy)>] [20 <./images/frustum/segment
-xz.png (PNG copy)>]
Underfull \hbox (badness 10000) in paragraph at lines 182--184

 []


Underfull \hbox (badness 10000) in paragraph at lines 197--198

 []

[21] [22]

LaTeX Warning: Reference `view1' on page 23 undefined on input line 243.


LaTeX Warning: Reference `view2' on page 23 undefined on input line 243.

[23] <images/frustum/view-matrix1.png, id=138, 757.83125pt x 523.9575pt>
File: images/frustum/view-matrix1.png Graphic file (type png)

<use images/frustum/view-matrix1.png>
Package pdftex.def Info: images/frustum/view-matrix1.png used on input line 247
.
(pdftex.def)             Requested size: 192.05609pt x 132.7799pt.

<images/frustum/view-matrix2.png, id=139, 746.79pt x 847.165pt>
File: images/frustum/view-matrix2.png Graphic file (type png)

<use images/frustum/view-matrix2.png>
Package pdftex.def Info: images/frustum/view-matrix2.png used on input line 249
.
(pdftex.def)             Requested size: 192.05609pt x 217.86626pt.
 [24 <./images/frustum/view-matrix1.png> <./images/frustum/view-matrix2.png>]) 
(./capitoli/progetto.tex [25]
Capitolo 4.
[26

]
Underfull \hbox (badness 10000) in paragraph at lines 36--37

 []

LaTeX Font Info:    Font shape `OMS/cmr/m/n' in size <10> not available
(Font)              Font shape `OMS/cmsy/m/n' tried instead on input line 40.
[27] [28] [29] [30] [31] [32]

LaTeX Warning: Reference `wrong-eye' on page 33 undefined on input line 214.

<images/progetto/ogre-wrong.png, id=173, 1927.2pt x 1084.05pt>
File: images/progetto/ogre-wrong.png Graphic file (type png)

<use images/progetto/ogre-wrong.png>
Package pdftex.def Info: images/progetto/ogre-wrong.png used on input line 218.

(pdftex.def)             Requested size: 268.87737pt x 151.23665pt.
 [33 <./images/progetto/ogre-wrong.png>]

LaTeX Warning: Reference `no-transl' on page 34 undefined on input line 247.

<images/progetto/ogre-transl.png, id=177, 1927.2pt x 1084.05pt>
File: images/progetto/ogre-transl.png Graphic file (type png)

<use images/progetto/ogre-transl.png>
Package pdftex.def Info: images/progetto/ogre-transl.png used on input line 251
.
(pdftex.def)             Requested size: 268.87737pt x 151.23665pt.
 [34 <./images/progetto/ogre-transl.png>]

LaTeX Warning: Reference `liv-room' on page 35 undefined on input line 294.

<images/progetto/living-room.png, id=181, 1204.5pt x 853.1875pt>
File: images/progetto/living-room.png Graphic file (type png)

<use images/progetto/living-room.png>
Package pdftex.def Info: images/progetto/living-room.png used on input line 298
.
(pdftex.def)             Requested size: 268.87737pt x 190.44875pt.
 [35]

LaTeX Warning: Reference `transl-liv-room' on page 36 undefined on input line 3
07.

<images/progetto/living-room-translated.png, id=185, 1204.5pt x 853.1875pt>
File: images/progetto/living-room-translated.png Graphic file (type png)

<use images/progetto/living-room-translated.png>
Package pdftex.def Info: images/progetto/living-room-translated.png used on inp
ut line 311.
(pdftex.def)             Requested size: 268.87737pt x 190.44875pt.
 [36 <./images/progetto/living-room.png (PNG copy)>]) (./capitoli/risultati.tex
 [37 <./images/progetto/living-room-translated.png (PNG copy)>]
Capitolo 5.
[38

]
Overfull \hbox (13.64752pt too wide) in paragraph at lines 22--23
[]\T1/cmr/m/n/12 Fortunatamente esi-ste-va un pa-ra-me-tro, nel-la fun-zio-ne \
T1/cmr/m/it/12 de-tect_multi_scale()
 []

[39] [40]) (./capitoli/conclusioni.tex [41]) [42

] (./capitoli/bibliografia.tex) [43

] (./tesi.aux)

LaTeX Warning: There were undefined references.


LaTeX Warning: Label(s) may have changed. Rerun to get cross-references right.

 ) 
Here is how much of TeX's memory you used:
 5971 strings out of 493304
 78884 string characters out of 6139871
 272003 words of memory out of 5000000
 9257 multiletter control sequences out of 15000+600000
 19232 words of font info for 45 fonts, out of 8000000 for 9000
 957 hyphenation exceptions out of 8191
 40i,12n,67p,939b,1064s stack positions out of 5000i,500n,10000p,200000b,80000s
{/usr/share/texmf/fonts/enc/dvips/cm-super/cm-super-t1.enc}</usr/share/texliv
e/texmf-dist/fonts/type1/public/amsfonts/cm/cmex10.pfb></usr/share/texlive/texm
f-dist/fonts/type1/public/amsfonts/cm/cmmi12.pfb></usr/share/texlive/texmf-dist
/fonts/type1/public/amsfonts/cm/cmmi6.pfb></usr/share/texlive/texmf-dist/fonts/
type1/public/amsfonts/cm/cmmi8.pfb></usr/share/texlive/texmf-dist/fonts/type1/p
ublic/amsfonts/cm/cmr12.pfb></usr/share/texlive/texmf-dist/fonts/type1/public/a
msfonts/cm/cmr6.pfb></usr/share/texlive/texmf-dist/fonts/type1/public/amsfonts/
cm/cmr8.pfb></usr/share/texlive/texmf-dist/fonts/type1/public/amsfonts/cm/cmsy1
0.pfb></usr/share/texlive/texmf-dist/fonts/type1/public/amsfonts/cm/cmsy8.pfb><
/usr/share/texmf/fonts/type1/public/cm-super/sfbx1200.pfb></usr/share/texmf/fon
ts/type1/public/cm-super/sfbx1440.pfb></usr/share/texmf/fonts/type1/public/cm-s
uper/sfbx1728.pfb></usr/share/texmf/fonts/type1/public/cm-super/sfbx2488.pfb></
usr/share/texmf/fonts/type1/public/cm-super/sfcc1095.pfb></usr/share/texmf/font
s/type1/public/cm-super/sfcc1728.pfb></usr/share/texmf/fonts/type1/public/cm-su
per/sfrm1000.pfb></usr/share/texmf/fonts/type1/public/cm-super/sfrm1200.pfb></u
sr/share/texmf/fonts/type1/public/cm-super/sfrm1728.pfb></usr/share/texmf/fonts
/type1/public/cm-super/sfti1200.pfb></usr/share/texmf/fonts/type1/public/cm-sup
er/sfti1728.pfb></usr/share/texmf/fonts/type1/public/cm-super/sftt1000.pfb></us
r/share/texmf/fonts/type1/public/cm-super/sftt1200.pfb>
Output written on tesi.pdf (48 pages, 7149323 bytes).
PDF statistics:
 284 PDF objects out of 1000 (max. 8388607)
 176 compressed objects within 2 object streams
 0 named destinations out of 1000 (max. 500000)
 136 words of extra memory for PDF output out of 10000 (max. 10000000)

